This is pdfTeX, Version 3.14159265-2.6-1.40.21 (MiKTeX 2.9.7300 64-bit) (preloaded format=pdflatex 2020.2.26)  4 MAR 2020 02:50
entering extended mode
**"c:/Users/manas/Desktop/Sistema de detec√ß√£o e tracking de objectos em movimento com base em an√°lise de imagem/Relat√≥rio/relatorio-projeto.tex"
("c:/Users/manas/Desktop/Sistema de detec√ß√£o e tracking de objectos em movimento com base em an√°lise de imagem/Relat√≥rio/relatorio-projeto.tex"
LaTeX2e <2020-02-02> patch level 2
L3 programming layer <2020-02-14> ("C:\Program Files\MiKTeX 2.9\tex/latex/base\book.cls"
Document Class: book 2019/12/20 v1.4l Standard LaTeX document class
("C:\Program Files\MiKTeX 2.9\tex/latex/base\bk12.clo"
File: bk12.clo 2019/12/20 v1.4l Standard LaTeX file (size option)
)
\c@part=\count167
\c@chapter=\count168
\c@section=\count169
\c@subsection=\count170
\c@subsubsection=\count171
\c@paragraph=\count172
\c@subparagraph=\count173
\c@figure=\count174
\c@table=\count175
\abovecaptionskip=\skip47
\belowcaptionskip=\skip48
\bibindent=\dimen134
) ("C:\Program Files\MiKTeX 2.9\tex/latex/base\inputenc.sty"
Package: inputenc 2018/08/11 v1.3c Input encoding file
\inpenc@prehook=\toks14
\inpenc@posthook=\toks15
) ("C:\Program Files\MiKTeX 2.9\tex/generic/babel\babel.sty"
Package: babel 2020/02/14 3.40 The Babel package
 ("C:\Program Files\MiKTeX 2.9\tex/generic/babel\switch.def"
File: switch.def 2020/02/14 3.40 Babel switching mechanism
)
*************************************
* Local config file bblopts.cfg used
*
("C:\Program Files\MiKTeX 2.9\tex/latex/arabi\bblopts.cfg"
File: bblopts.cfg 2005/09/08 v0.1 add Arabic and Farsi to "declared" options of babel
) (C:\Users\manas\AppData\Roaming\MiKTeX\2.9\tex/latex/babel-portuges\portuges.ldf
Language: portuges 2008/03/18 v1.2q Portuguese support from the babel system
 ("C:\Program Files\MiKTeX 2.9\tex/generic/babel\babel.def"
File: babel.def 2020/02/14 3.40 Babel common definitions
\babel@savecnt=\count176
\U@D=\dimen135
 ("C:\Program Files\MiKTeX 2.9\tex/generic/babel\txtbabel.def")
\bbl@readstream=\read2
\bbl@dirlevel=\count177
)
Package babel Info: Making " an active character on input line 145.
)) ("C:\Program Files\MiKTeX 2.9\tex/latex/base\fontenc.sty"
Package: fontenc 2020/02/11 v2.0o Standard LaTeX package
) ("C:\Program Files\MiKTeX 2.9\tex/latex/base\makeidx.sty"
Package: makeidx 2014/09/29 v1.0m Standard LaTeX package
) ("C:\Program Files\MiKTeX 2.9\tex/latex/tools\xspace.sty"
Package: xspace 2014/10/28 v1.13 Space after command names (DPC,MH)
) ("C:\Program Files\MiKTeX 2.9\tex/latex/graphics\graphicx.sty"
Package: graphicx 2019/11/30 v1.2a Enhanced LaTeX Graphics (DPC,SPQR)
 ("C:\Program Files\MiKTeX 2.9\tex/latex/graphics\keyval.sty"
Package: keyval 2014/10/28 v1.15 key=value parser (DPC)
\KV@toks@=\toks16
) ("C:\Program Files\MiKTeX 2.9\tex/latex/graphics\graphics.sty"
Package: graphics 2019/11/30 v1.4a Standard LaTeX Graphics (DPC,SPQR)
 ("C:\Program Files\MiKTeX 2.9\tex/latex/graphics\trig.sty"
Package: trig 2016/01/03 v1.10 sin cos tan (DPC)
) ("C:\Program Files\MiKTeX 2.9\tex/latex/graphics-cfg\graphics.cfg"
File: graphics.cfg 2016/06/04 v1.11 sample graphics configuration
)
Package graphics Info: Driver file: pdftex.def on input line 105.
 ("C:\Program Files\MiKTeX 2.9\tex/latex/graphics-def\pdftex.def"
File: pdftex.def 2018/01/08 v1.0l Graphics/color driver for pdftex
))
\Gin@req@height=\dimen136
\Gin@req@width=\dimen137
) ("C:\Program Files\MiKTeX 2.9\tex/latex/graphics\color.sty"
Package: color 2019/11/23 v1.2a Standard LaTeX Color (DPC)
 ("C:\Program Files\MiKTeX 2.9\tex/latex/graphics-cfg\color.cfg"
File: color.cfg 2016/01/02 v1.6 sample color configuration
)
Package color Info: Driver file: pdftex.def on input line 147.
) (C:\Users\manas\AppData\Roaming\MiKTeX\2.9\tex/latex/psnfss\times.sty
Package: times 2005/04/12 PSNFSS-v9.2a (SPQR) 
) (C:\Users\manas\AppData\Roaming\MiKTeX\2.9\tex/latex/fancyhdr\fancyhdr.sty
Package: fancyhdr 2019/01/31 v3.10 Extensive control of page headers and footers
\f@nch@headwidth=\skip49
\f@nch@O@elh=\skip50
\f@nch@O@erh=\skip51
\f@nch@O@olh=\skip52
\f@nch@O@orh=\skip53
\f@nch@O@elf=\skip54
\f@nch@O@erf=\skip55
\f@nch@O@olf=\skip56
\f@nch@O@orf=\skip57
) ("C:\Program Files\MiKTeX 2.9\tex/latex/amsmath\amsmath.sty"
Package: amsmath 2020/01/20 v2.17e AMS math features
\@mathmargin=\skip58

For additional information on amsmath, use the `?' option.
("C:\Program Files\MiKTeX 2.9\tex/latex/amsmath\amstext.sty"
Package: amstext 2000/06/29 v2.01 AMS text
 ("C:\Program Files\MiKTeX 2.9\tex/latex/amsmath\amsgen.sty"
File: amsgen.sty 1999/11/30 v2.0 generic functions
\@emptytoks=\toks17
\ex@=\dimen138
)) ("C:\Program Files\MiKTeX 2.9\tex/latex/amsmath\amsbsy.sty"
Package: amsbsy 1999/11/29 v1.2d Bold Symbols
\pmbraise@=\dimen139
) ("C:\Program Files\MiKTeX 2.9\tex/latex/amsmath\amsopn.sty"
Package: amsopn 2016/03/08 v2.02 operator names
)
\inf@bad=\count178
LaTeX Info: Redefining \frac on input line 227.
\uproot@=\count179
\leftroot@=\count180
LaTeX Info: Redefining \overline on input line 389.
\classnum@=\count181
\DOTSCASE@=\count182
LaTeX Info: Redefining \ldots on input line 486.
LaTeX Info: Redefining \dots on input line 489.
LaTeX Info: Redefining \cdots on input line 610.
\Mathstrutbox@=\box45
\strutbox@=\box46
\big@size=\dimen140
LaTeX Font Info:    Redeclaring font encoding OML on input line 733.
LaTeX Font Info:    Redeclaring font encoding OMS on input line 734.
\macc@depth=\count183
\c@MaxMatrixCols=\count184
\dotsspace@=\muskip16
\c@parentequation=\count185
\dspbrk@lvl=\count186
\tag@help=\toks18
\row@=\count187
\column@=\count188
\maxfields@=\count189
\andhelp@=\toks19
\eqnshift@=\dimen141
\alignsep@=\dimen142
\tagshift@=\dimen143
\tagwidth@=\dimen144
\totwidth@=\dimen145
\lineht@=\dimen146
\@envbody=\toks20
\multlinegap=\skip59
\multlinetaggap=\skip60
\mathdisplay@stack=\toks21
LaTeX Info: Redefining \[ on input line 2859.
LaTeX Info: Redefining \] on input line 2860.
) ("C:\Program Files\MiKTeX 2.9\tex/latex/base\latexsym.sty"
Package: latexsym 1998/08/17 v2.2e Standard LaTeX package (lasy symbols)
\symlasy=\mathgroup4
LaTeX Font Info:    Overwriting symbol font `lasy' in version `bold'
(Font)                  U/lasy/m/n --> U/lasy/b/n on input line 52.
) (C:\Users\manas\AppData\Roaming\MiKTeX\2.9\tex/latex/acronym\acronym.sty
Package: acronym 2019/11/11 v1.42 Support for acronyms (Tobias Oetiker)
 (C:\Users\manas\AppData\Roaming\MiKTeX\2.9\tex/latex/bigfoot\suffix.sty
Package: suffix 2006/07/15 1.5a Variant command support
) (C:\Users\manas\AppData\Roaming\MiKTeX\2.9\tex/latex/xstring\xstring.sty (C:\Users\manas\AppData\Roaming\MiKTeX\2.9\tex/generic/xstring\xstring.tex
\integerpart=\count190
\decimalpart=\count191
)
Package: xstring 2019/02/06 v1.83 String manipulations (CT)
)
\AC@clearlist=\toks22
) (C:\Users\manas\AppData\Roaming\MiKTeX\2.9\tex/latex/float\float.sty
Package: float 2001/11/08 v1.3d Float enhancements (AL)
\c@float@type=\count192
\float@exts=\toks23
\float@box=\box47
\@float@everytoks=\toks24
\@floatcapt=\box48
) ("C:\Program Files\MiKTeX 2.9\tex/latex/listings\listings.sty"
\lst@mode=\count193
\lst@gtempboxa=\box49
\lst@token=\toks25
\lst@length=\count194
\lst@currlwidth=\dimen147
\lst@column=\count195
\lst@pos=\count196
\lst@lostspace=\dimen148
\lst@width=\dimen149
\lst@newlines=\count197
\lst@lineno=\count198
\lst@maxwidth=\dimen150
 ("C:\Program Files\MiKTeX 2.9\tex/latex/listings\lstmisc.sty"
File: lstmisc.sty 2019/09/10 1.8c (Carsten Heinz)
\c@lstnumber=\count199
\lst@skipnumbers=\count266
\lst@framebox=\box50
) ("C:\Program Files\MiKTeX 2.9\tex/latex/listings\listings.cfg"
File: listings.cfg 2019/09/10 1.8c listings configuration
))
Package: listings 2019/09/10 1.8c (Carsten Heinz)
 (C:\Users\manas\AppData\Roaming\MiKTeX\2.9\tex/latex/tocbibind\tocbibind.sty
Package: tocbibind 2010/10/13 v1.5k extra ToC listings
Package tocbibind Info: The document has chapter divisions on input line 50.


Package tocbibind Note: Using chapter style headings, unless overridden.

) (C:\Users\manas\AppData\Roaming\MiKTeX\2.9\tex/latex/wrapfig\wrapfig.sty
\wrapoverhang=\dimen151
\WF@size=\dimen152
\c@WF@wrappedlines=\count267
\WF@box=\box51
\WF@everypar=\toks26
Package: wrapfig 2003/01/31  v 3.6
) (C:\Users\manas\AppData\Roaming\MiKTeX\2.9\tex/latex/natbib\natbib.sty
Package: natbib 2010/09/13 8.31b (PWD, AO)
\bibhang=\skip61
\bibsep=\skip62
LaTeX Info: Redefining \cite on input line 694.
\c@NAT@ctr=\count268
) ("C:\Program Files\MiKTeX 2.9\tex/latex/hyperref\hyperref.sty"
Package: hyperref 2020/01/14 v7.00d Hypertext links for LaTeX
 (C:\Users\manas\AppData\Roaming\MiKTeX\2.9\tex/generic/ltxcmds\ltxcmds.sty
Package: ltxcmds 2019/12/15 v1.24 LaTeX kernel commands for general use (HO)
) ("C:\Program Files\MiKTeX 2.9\tex/generic/iftex\iftex.sty"
Package: iftex 2019/11/07 v1.0c TeX engine tests
) ("C:\Program Files\MiKTeX 2.9\tex/latex/pdftexcmds\pdftexcmds.sty"
Package: pdftexcmds 2019/11/24 v0.31 Utility functions of pdfTeX for LuaTeX (HO)
 (C:\Users\manas\AppData\Roaming\MiKTeX\2.9\tex/generic/infwarerr\infwarerr.sty
Package: infwarerr 2019/12/03 v1.5 Providing info/warning/error messages (HO)
)
Package pdftexcmds Info: \pdf@primitive is available.
Package pdftexcmds Info: \pdf@ifprimitive is available.
Package pdftexcmds Info: \pdfdraftmode found.
) (C:\Users\manas\AppData\Roaming\MiKTeX\2.9\tex/generic/kvsetkeys\kvsetkeys.sty
Package: kvsetkeys 2019/12/15 v1.18 Key value parser (HO)
) (C:\Users\manas\AppData\Roaming\MiKTeX\2.9\tex/generic/kvdefinekeys\kvdefinekeys.sty
Package: kvdefinekeys 2019-12-19 v1.6 Define keys (HO)
) (C:\Users\manas\AppData\Roaming\MiKTeX\2.9\tex/generic/pdfescape\pdfescape.sty
Package: pdfescape 2019/12/09 v1.15 Implements pdfTeX's escape features (HO)
) (C:\Users\manas\AppData\Roaming\MiKTeX\2.9\tex/latex/hycolor\hycolor.sty
Package: hycolor 2020-01-27 v1.10 Color options for hyperref/bookmark (HO)
) (C:\Users\manas\AppData\Roaming\MiKTeX\2.9\tex/latex/letltxmacro\letltxmacro.sty
Package: letltxmacro 2019/12/03 v1.6 Let assignment for LaTeX macros (HO)
) (C:\Users\manas\AppData\Roaming\MiKTeX\2.9\tex/latex/auxhook\auxhook.sty
Package: auxhook 2019-12-17 v1.6 Hooks for auxiliary files (HO)
) (C:\Users\manas\AppData\Roaming\MiKTeX\2.9\tex/latex/kvoptions\kvoptions.sty
Package: kvoptions 2019/11/29 v3.13 Key value format for package options (HO)
)
\@linkdim=\dimen153
\Hy@linkcounter=\count269
\Hy@pagecounter=\count270
 ("C:\Program Files\MiKTeX 2.9\tex/latex/hyperref\pd1enc.def"
File: pd1enc.def 2020/01/14 v7.00d Hyperref: PDFDocEncoding definition (HO)
Now handling font encoding PD1 ...
... no UTF-8 mapping file for font encoding PD1
) (C:\Users\manas\AppData\Roaming\MiKTeX\2.9\tex/generic/intcalc\intcalc.sty
Package: intcalc 2019/12/15 v1.3 Expandable calculations with integers (HO)
) (C:\Users\manas\AppData\Roaming\MiKTeX\2.9\tex/generic/etexcmds\etexcmds.sty
Package: etexcmds 2019/12/15 v1.7 Avoid name clashes with e-TeX commands (HO)
)
\Hy@SavedSpaceFactor=\count271
Package hyperref Info: Hyper figures OFF on input line 4547.
Package hyperref Info: Link nesting OFF on input line 4552.
Package hyperref Info: Hyper index ON on input line 4555.
Package hyperref Info: Plain pages OFF on input line 4562.
Package hyperref Info: Backreferencing OFF on input line 4567.
Package hyperref Info: Implicit mode ON; LaTeX internals redefined.
Package hyperref Info: Bookmarks ON on input line 4800.
\c@Hy@tempcnt=\count272
 ("C:\Program Files\MiKTeX 2.9\tex/latex/url\url.sty"
\Urlmuskip=\muskip17
Package: url 2013/09/16  ver 3.4  Verb mode for urls, etc.
)
LaTeX Info: Redefining \url on input line 5159.
\XeTeXLinkMargin=\dimen154
 (C:\Users\manas\AppData\Roaming\MiKTeX\2.9\tex/generic/bitset\bitset.sty
Package: bitset 2019/12/09 v1.3 Handle bit-vector datatype (HO)
 (C:\Users\manas\AppData\Roaming\MiKTeX\2.9\tex/generic/bigintcalc\bigintcalc.sty
Package: bigintcalc 2019/12/15 v1.5 Expandable calculations on big integers (HO)
))
\Fld@menulength=\count273
\Field@Width=\dimen155
\Fld@charsize=\dimen156
Package hyperref Info: Hyper figures OFF on input line 6430.
Package hyperref Info: Link nesting OFF on input line 6435.
Package hyperref Info: Hyper index ON on input line 6438.
Package hyperref Info: backreferencing OFF on input line 6445.
Package hyperref Info: Link coloring OFF on input line 6450.
Package hyperref Info: Link coloring with OCG OFF on input line 6455.
Package hyperref Info: PDF/A mode OFF on input line 6460.
LaTeX Info: Redefining \ref on input line 6500.
LaTeX Info: Redefining \pageref on input line 6504.
 (C:\Users\manas\AppData\Roaming\MiKTeX\2.9\tex/generic/atbegshi\atbegshi.sty
Package: atbegshi 2019/12/05 v1.19 At begin shipout hook (HO)
)
\Hy@abspage=\count274
\c@Item=\count275
\c@Hfootnote=\count276
)
Package hyperref Info: Driver (autodetected): hpdftex.
 ("C:\Program Files\MiKTeX 2.9\tex/latex/hyperref\hpdftex.def"
File: hpdftex.def 2020/01/14 v7.00d Hyperref driver for pdfTeX
 (C:\Users\manas\AppData\Roaming\MiKTeX\2.9\tex/latex/atveryend\atveryend.sty
Package: atveryend 2019-12-11 v1.11 Hooks at the very end of document (HO)
Package atveryend Info: \enddocument detected (standard20110627).
)
\Fld@listcount=\count277
\c@bookmark@seq@number=\count278
 (C:\Users\manas\AppData\Roaming\MiKTeX\2.9\tex/latex/rerunfilecheck\rerunfilecheck.sty
Package: rerunfilecheck 2019/12/05 v1.9 Rerun checks for auxiliary files (HO)
 (C:\Users\manas\AppData\Roaming\MiKTeX\2.9\tex/generic/uniquecounter\uniquecounter.sty
Package: uniquecounter 2019/12/15 v1.4 Provide unlimited unique counter (HO)
)
Package uniquecounter Info: New unique counter `rerunfilecheck' on input line 286.
)
\Hy@SectionHShift=\skip63
) ("C:\Program Files\MiKTeX 2.9\tex/latex/listings\lstlang1.sty"
File: lstlang1.sty 2019/09/10 1.8c listings language file
) ("C:\Program Files\MiKTeX 2.9\tex/latex/listings\lstmisc.sty"
File: lstmisc.sty 2019/09/10 1.8c (Carsten Heinz)
) ("C:\Program Files\MiKTeX 2.9\tex/latex/l3backend\l3backend-pdfmode.def"
File: l3backend-pdfmode.def 2020-02-03 L3 backend support: PDF mode
\l__kernel_color_stack_int=\count279
\l__pdf_internal_box=\box52
)

LaTeX Warning: Unused global option(s):
    [times].

("c:/Users\manas\Desktop\Sistema de detec√ß√£o e tracking de objectos em movimento com base em an√°lise de imagem\Relat√≥rio\relatorio-projeto.aux" ("c:/Users\manas\Desktop\Sistema de detec√ß√£o e tracking de objectos em movimento com base em an√°lise de imagem\Relat√≥rio\capa.aux") ("c:/Users\manas\Desktop\Sistema de detec√ß√£o e tracking de objectos em movimento com base em an√°lise de imagem\Relat√≥rio\agradecimentos.aux") ("c:/Users\manas\Desktop\Sistema de detec√ß√£o e tracking de objectos em movimento com base em an√°lise de imagem\Relat√≥rio\acronimos.aux") ("c:/Users\manas\Desktop\Sistema de detec√ß√£o e tracking de objectos em movimento com base em an√°lise de imagem\Relat√≥rio\introducao.aux") ("c:/Users\manas\Desktop\Sistema de detec√ß√£o e tracking de objectos em movimento com base em an√°lise de imagem\Relat√≥rio\capitulo-2.aux") ("c:/Users\manas\Desktop\Sistema de detec√ß√£o e tracking de objectos em movimento com base em an√°lise de imagem\Relat√≥rio\capitulo-3.aux") ("c:/Users\manas\Desktop\Sistema de detec√ß√£o e tracking de objectos em movimento com base em an√°lise de imagem\Relat√≥rio\capitulo-4.aux") ("c:/Users\manas\Desktop\Sistema de detec√ß√£o e tracking de objectos em movimento com base em an√°lise de imagem\Relat√≥rio\conc-trab-futuro.aux"))
\openout1 = `relatorio-projeto.aux'.

LaTeX Font Info:    Checking defaults for OML/cmm/m/it on input line 76.
LaTeX Font Info:    ... okay on input line 76.
LaTeX Font Info:    Checking defaults for OMS/cmsy/m/n on input line 76.
LaTeX Font Info:    ... okay on input line 76.
LaTeX Font Info:    Checking defaults for OT1/cmr/m/n on input line 76.
LaTeX Font Info:    ... okay on input line 76.
LaTeX Font Info:    Checking defaults for T1/cmr/m/n on input line 76.
LaTeX Font Info:    ... okay on input line 76.
LaTeX Font Info:    Checking defaults for TS1/cmr/m/n on input line 76.
LaTeX Font Info:    ... okay on input line 76.
LaTeX Font Info:    Checking defaults for OMX/cmex/m/n on input line 76.
LaTeX Font Info:    ... okay on input line 76.
LaTeX Font Info:    Checking defaults for U/cmr/m/n on input line 76.
LaTeX Font Info:    ... okay on input line 76.
LaTeX Font Info:    Checking defaults for PD1/pdf/m/n on input line 76.
LaTeX Font Info:    ... okay on input line 76.
LaTeX Font Info:    Trying to load font information for T1+ptm on input line 76.
 (C:\Users\manas\AppData\Roaming\MiKTeX\2.9\tex/latex/psnfss\t1ptm.fd
File: t1ptm.fd 2001/06/04 font definitions for T1/ptm.
) ("C:\Program Files\MiKTeX 2.9\tex/context/base/mkii\supp-pdf.mkii"
[Loading MPS to PDF converter (version 2006.09.02).]
\scratchcounter=\count280
\scratchdimen=\dimen157
\scratchbox=\box53
\nofMPsegments=\count281
\nofMParguments=\count282
\everyMPshowfont=\toks27
\MPscratchCnt=\count283
\MPscratchDim=\dimen158
\MPnumerator=\count284
\makeMPintoPDFobject=\count285
\everyMPtoPDFconversion=\toks28
) ("C:\Program Files\MiKTeX 2.9\tex/latex/epstopdf-pkg\epstopdf-base.sty"
Package: epstopdf-base 2020-01-24 v2.11 Base part for package epstopdf
Package epstopdf-base Info: Redefining graphics rule for `.eps' on input line 485.
)
\c@lstlisting=\count286
\AtBeginShipoutBox=\box54
Package hyperref Info: Link coloring OFF on input line 76.
 ("C:\Program Files\MiKTeX 2.9\tex/latex/hyperref\nameref.sty"
Package: nameref 2019/09/16 v2.46 Cross-referencing by name of section
 (C:\Users\manas\AppData\Roaming\MiKTeX\2.9\tex/latex/refcount\refcount.sty
Package: refcount 2019/12/15 v3.6 Data extraction from label references (HO)
) (C:\Users\manas\AppData\Roaming\MiKTeX\2.9\tex/generic/gettitlestring\gettitlestring.sty
Package: gettitlestring 2019/12/15 v1.6 Cleanup title references (HO)
)
\c@section@level=\count287
)
LaTeX Info: Redefining \ref on input line 76.
LaTeX Info: Redefining \pageref on input line 76.
LaTeX Info: Redefining \nameref on input line 76.
 ("c:/Users\manas\Desktop\Sistema de detec√ß√£o e tracking de objectos em movimento com base em an√°lise de imagem\Relat√≥rio\relatorio-projeto.out") ("c:/Users\manas\Desktop\Sistema de detec√ß√£o e tracking de objectos em movimento com base em an√°lise de imagem\Relat√≥rio\relatorio-projeto.out")
\@outlinefile=\write3
\openout3 = `relatorio-projeto.out'.

\openout2 = `capa.aux'.

 ("c:/Users\manas\Desktop\Sistema de detec√ß√£o e tracking de objectos em movimento com base em an√°lise de imagem\Relat√≥rio\capa.tex"
<ubi-fe-di.png, id=147, 111.0549pt x 107.6823pt>
File: ubi-fe-di.png Graphic file (type png)
<use ubi-fe-di.png>
Package pdftex.def Info: ubi-fe-di.png  used on input line 20.
(pdftex.def)             Requested size: 191.0pt x 185.21156pt.
LaTeX Font Info:    Trying to load font information for TS1+ptm on input line 26.
 (C:\Users\manas\AppData\Roaming\MiKTeX\2.9\tex/latex/psnfss\ts1ptm.fd
File: ts1ptm.fd 2001/06/04 font definitions for TS1/ptm.
)) [-1


{C:/Users/manas/AppData/Local/MiKTeX/2.9/pdftex/config/pdftex.map} <c:/Users/manas/Desktop/Sistema de detec√ß√£o e tracking de objectos em movimento com base em an√°lise de imagem/Relat√≥rio/ubi-fe-di.png>] [0



]
\openout2 = `agradecimentos.aux'.

 ("c:/Users\manas\Desktop\Sistema de detec√ß√£o e tracking de objectos em movimento com base em an√°lise de imagem\Relat√≥rio\agradecimentos.tex") [1



] [2



] ("c:/Users\manas\Desktop\Sistema de detec√ß√£o e tracking de objectos em movimento com base em an√°lise de imagem\Relat√≥rio\relatorio-projeto.toc"
LaTeX Font Info:    Trying to load font information for U+lasy on input line 6.
 ("C:\Program Files\MiKTeX 2.9\tex/latex/base\ulasy.fd"
File: ulasy.fd 1998/08/17 v2.2e LaTeX symbol font definitions
) [3

])
\tf@toc=\write4
\openout4 = `relatorio-projeto.toc'.



Package Fancyhdr Warning: \headheight is too small (12.5pt): 
Make it at least 15.59395pt.
We now make it that large for the rest of the document.
This may cause the page layout to be inconsistent, however.

[4] ("c:/Users\manas\Desktop\Sistema de detec√ß√£o e tracking de objectos em movimento com base em an√°lise de imagem\Relat√≥rio\relatorio-projeto.lof")
\tf@lof=\write5
\openout5 = `relatorio-projeto.lof'.

 [5



] [6


] ("c:/Users\manas\Desktop\Sistema de detec√ß√£o e tracking de objectos em movimento com base em an√°lise de imagem\Relat√≥rio\relatorio-projeto.lot")
\tf@lot=\write6
\openout6 = `relatorio-projeto.lot'.

 [7

] [8


]
\openout2 = `acronimos.aux'.

 ("c:/Users\manas\Desktop\Sistema de detec√ß√£o e tracking de objectos em movimento com base em an√°lise de imagem\Relat√≥rio\acronimos.tex"

c:/Users\manas\Desktop\Sistema de detec√ß√£o e tracking de objectos em movimento com base em an√°lise de imagem\Relat√≥rio\acronimos.tex:17: LaTeX Error: Something's wrong--perhaps a missing \item.

See the LaTeX manual or LaTeX Companion for explanation.
Type  H <return>  for immediate help.
 ...                                              
                                                  
l.17 \end{acronym}
                  
Try typing  <return>  to proceed.
If that doesn't work, type  X <return>  to quit.


c:/Users\manas\Desktop\Sistema de detec√ß√£o e tracking de objectos em movimento com base em an√°lise de imagem\Relat√≥rio\acronimos.tex:21: LaTeX Error: Something's wrong--perhaps a missing \item.

See the LaTeX manual or LaTeX Companion for explanation.
Type  H <return>  for immediate help.
 ...                                              
                                                  
l.21 \end{acronym}
                  
Try typing  <return>  to proceed.
If that doesn't work, type  X <return>  to quit.


c:/Users\manas\Desktop\Sistema de detec√ß√£o e tracking de objectos em movimento com base em an√°lise de imagem\Relat√≥rio\acronimos.tex:25: LaTeX Error: Something's wrong--perhaps a missing \item.

See the LaTeX manual or LaTeX Companion for explanation.
Type  H <return>  for immediate help.
 ...                                              
                                                  
l.25 \end{acronym}
                  
Try typing  <return>  to proceed.
If that doesn't work, type  X <return>  to quit.

) [9


] [10



]
\openout2 = `introducao.aux'.

 ("c:/Users\manas\Desktop\Sistema de detec√ß√£o e tracking de objectos em movimento com base em an√°lise de imagem\Relat√≥rio\introducao.tex"
Cap\'{\i }tulo 1.

Overfull \hbox (0.11276pt too wide) in paragraph at lines 31--33
[]\T1/ptm/m/n/12 O re-co-nhe-ci-mento de ob-je-tos ser· sem-pre uma area im-pren-cin-di-vel e de grande
 []

[1



]
Package acronym Info: Label `acro:Raspberry' newly defined as it shall be overridden
although it is yet undefined on input line 42.
 [2]
LaTeX Font Info:    Trying to load font information for T1+phv on input line 68.
 (C:\Users\manas\AppData\Roaming\MiKTeX\2.9\tex/latex/psnfss\t1phv.fd
File: t1phv.fd 2001/06/04 scalable font definitions for T1/phv.
)) [3] [4



]
\openout2 = `capitulo-2.aux'.

 ("c:/Users\manas\Desktop\Sistema de detec√ß√£o e tracking de objectos em movimento com base em an√°lise de imagem\Relat√≥rio\capitulo-2.tex"
Cap\'{\i }tulo 2.

Underfull \vbox (badness 10000) has occurred while \output is active []

 [5


] [6] [7]
<simple_object_tracking_step1.png, id=302, 467.7475pt x 352.31625pt>
File: simple_object_tracking_step1.png Graphic file (type png)
<use simple_object_tracking_step1.png>
Package pdftex.def Info: simple_object_tracking_step1.png  used on input line 105.
(pdftex.def)             Requested size: 233.87317pt x 176.15768pt.
<simple_object_tracking_step2.png, id=303, 467.7475pt x 350.30875pt>
File: simple_object_tracking_step2.png Graphic file (type png)
<use simple_object_tracking_step2.png>
Package pdftex.def Info: simple_object_tracking_step2.png  used on input line 116.
(pdftex.def)             Requested size: 233.87317pt x 175.15395pt.
 [8 <c:/Users/manas/Desktop/Sistema de detec√ß√£o e tracking de objectos em movimento com base em an√°lise de imagem/Relat√≥rio/simple_object_tracking_step1.png> <c:/Users/manas/Desktop/Sistema de detec√ß√£o e tracking de objectos em movimento com base em an√°lise de imagem/Relat√≥rio/simple_object_tracking_step2.png>]
<simple_object_tracking_step3.png, id=310, 467.7475pt x 352.31625pt>
File: simple_object_tracking_step3.png Graphic file (type png)
<use simple_object_tracking_step3.png>
Package pdftex.def Info: simple_object_tracking_step3.png  used on input line 129.
(pdftex.def)             Requested size: 233.87317pt x 176.15768pt.
<simple_object_tracking_step4.png, id=311, 465.74pt x 350.30875pt>
File: simple_object_tracking_step4.png Graphic file (type png)
<use simple_object_tracking_step4.png>
Package pdftex.def Info: simple_object_tracking_step4.png  used on input line 143.
(pdftex.def)             Requested size: 232.86943pt x 175.15395pt.

Underfull \vbox (badness 10000) has occurred while \output is active []

 [9 <c:/Users/manas/Desktop/Sistema de detec√ß√£o e tracking de objectos em movimento com base em an√°lise de imagem/Relat√≥rio/simple_object_tracking_step3.png>]
Overfull \hbox (4.03644pt too wide) in paragraph at lines 149--151
[]\T1/ptm/m/n/12 ref: https://www.pyimagesearch.com/2018/07/23/simple-object-tracking-with-
 []

[10 <c:/Users/manas/Desktop/Sistema de detec√ß√£o e tracking de objectos em movimento com base em an√°lise de imagem/Relat√≥rio/simple_object_tracking_step4.png>]

Package natbib Warning: Citation `short' on page 11 undefined on input line 191.


Overfull \hbox (36.2711pt too wide) in paragraph at lines 201--201
[]  \T1/phv/m/n/12 author = {Tobias Oetiker and Hubert Partl and Irene Hyna and Elisabeth Schlegl},[] 
 []

) [11] [12



]
\openout2 = `capitulo-3.aux'.

 ("c:/Users\manas\Desktop\Sistema de detec√ß√£o e tracking de objectos em movimento com base em an√°lise de imagem\Relat√≥rio\capitulo-3.tex"
Cap\'{\i }tulo 3.
)
Underfull \vbox (badness 1584) has occurred while \output is active []

 [13


] [14]
\openout2 = `capitulo-4.aux'.

 ("c:/Users\manas\Desktop\Sistema de detec√ß√£o e tracking de objectos em movimento com base em an√°lise de imagem\Relat√≥rio\capitulo-4.tex"
Cap\'{\i }tulo 4.
[15





]) [16]
\openout2 = `conc-trab-futuro.aux'.

 ("c:/Users\manas\Desktop\Sistema de detec√ß√£o e tracking de objectos em movimento com base em an√°lise de imagem\Relat√≥rio\conc-trab-futuro.tex"
Cap\'{\i }tulo 5.
) [17





] [18



] ("c:/Users\manas\Desktop\Sistema de detec√ß√£o e tracking de objectos em movimento com base em an√°lise de imagem\Relat√≥rio\relatorio-projeto.bbl")

Package natbib Warning: There were undefined citations.

Package atveryend Info: Empty hook `BeforeClearDocument' on input line 140.
[19


]
Package atveryend Info: Empty hook `AfterLastShipout' on input line 140.
 ("c:/Users\manas\Desktop\Sistema de detec√ß√£o e tracking de objectos em movimento com base em an√°lise de imagem\Relat√≥rio\relatorio-projeto.aux" ("c:/Users\manas\Desktop\Sistema de detec√ß√£o e tracking de objectos em movimento com base em an√°lise de imagem\Relat√≥rio\capa.aux") ("c:/Users\manas\Desktop\Sistema de detec√ß√£o e tracking de objectos em movimento com base em an√°lise de imagem\Relat√≥rio\agradecimentos.aux") ("c:/Users\manas\Desktop\Sistema de detec√ß√£o e tracking de objectos em movimento com base em an√°lise de imagem\Relat√≥rio\acronimos.aux") ("c:/Users\manas\Desktop\Sistema de detec√ß√£o e tracking de objectos em movimento com base em an√°lise de imagem\Relat√≥rio\introducao.aux") ("c:/Users\manas\Desktop\Sistema de detec√ß√£o e tracking de objectos em movimento com base em an√°lise de imagem\Relat√≥rio\capitulo-2.aux") ("c:/Users\manas\Desktop\Sistema de detec√ß√£o e tracking de objectos em movimento com base em an√°lise de imagem\Relat√≥rio\capitulo-3.aux") ("c:/Users\manas\Desktop\Sistema de detec√ß√£o e tracking de objectos em movimento com base em an√°lise de imagem\Relat√≥rio\capitulo-4.aux") ("c:/Users\manas\Desktop\Sistema de detec√ß√£o e tracking de objectos em movimento com base em an√°lise de imagem\Relat√≥rio\conc-trab-futuro.aux")

Package natbib Warning: Citation(s) may have changed.
(natbib)                Rerun to get citations correct.

)
Package atveryend Info: Executing hook `AtVeryEndDocument' on input line 140.
Package atveryend Info: Executing hook `AtEndAfterFileList' on input line 140.


Package rerunfilecheck Warning: File `relatorio-projeto.out' has changed.
(rerunfilecheck)                Rerun to get outlines right
(rerunfilecheck)                or use package `bookmark'.

Package rerunfilecheck Info: Checksums for `relatorio-projeto.out':
(rerunfilecheck)             Before: 46618B24DD81C8647C726557F7DAD65E;2440
(rerunfilecheck)             After:  577B004A658EDF234B0788ECF9B6F96A;2490.
Package atveryend Info: Empty hook `AtVeryVeryEnd' on input line 140.
 ) 
Here is how much of TeX's memory you used:
 10098 strings out of 481556
 153330 string characters out of 2923634
 620157 words of memory out of 3000000
 24940 multiletter control sequences out of 15000+200000
 578455 words of font info for 75 fonts, out of 3000000 for 9000
 1141 hyphenation exceptions out of 8191
 34i,11n,51p,730b,1210s stack positions out of 5000i,500n,10000p,200000b,50000s
{C:/Program Files/MiKTeX 2.9/fonts/enc/dvips/base/8r.enc}<C:/Program Files/MiKTeX 2.9/fonts/type1/public/amsfonts/cm/cmex10.pfb><C:/Program Files/MiKTeX 2.9/fonts/type1/public/amsfonts/cm/cmmi12.pfb><C:/Program Files/MiKTeX 2.9/fonts/type1/public/amsfonts/cm/cmmi6.pfb><C:/Program Files/MiKTeX 2.9/fonts/type1/public/amsfonts/cm/cmmi8.pfb><C:/Program Files/MiKTeX 2.9/fonts/type1/public/amsfonts/cm/cmr12.pfb><C:/Program Files/MiKTeX 2.9/fonts/type1/public/amsfonts/cm/cmr6.pfb><C:/Program Files/MiKTeX 2.9/fonts/type1/public/amsfonts/cm/cmr8.pfb><C:/Program Files/MiKTeX 2.9/fonts/type1/public/amsfonts/cm/cmsy10.pfb><C:/Users/manas/AppData/Roaming/MiKTeX/2.9/fonts/type1/urw/helvetic/uhvr8a.pfb><C:/Users/manas/AppData/Roaming/MiKTeX/2.9/fonts/type1/urw/times/utmb8a.pfb><C:/Users/manas/AppData/Roaming/MiKTeX/2.9/fonts/type1/urw/times/utmbi8a.pfb><C:/Users/manas/AppData/Roaming/MiKTeX/2.9/fonts/type1/urw/times/utmr8a.pfb><C:/Users/manas/AppData/Roaming/MiKTeX/2.9/fonts/type1/urw/times/utmri8a.pfb>
Output written on "c:/Users\manas\Desktop\Sistema de detec√ß√£o e tracking de objectos em movimento com base em an√°lise de imagem\Relat√≥rio\relatorio-projeto.pdf" (31 pages, 261168 bytes).
PDF statistics:
 456 PDF objects out of 1000 (max. 8388607)
 114 named destinations out of 1000 (max. 500000)
 314 words of extra memory for PDF output out of 10000 (max. 10000000)

