\BOOKMARK [0][-]{chapter*.2}{Conte\372do}{}% 1
\BOOKMARK [0][-]{chapter*.3}{Lista de Figuras}{}% 2
\BOOKMARK [0][-]{chapter*.4}{Lista de Tabelas}{}% 3
\BOOKMARK [0][-]{chapter.1}{Introdu\347\343o}{}% 4
\BOOKMARK [1][-]{section.1.1}{Enquadramento}{chapter.1}% 5
\BOOKMARK [1][-]{section.1.2}{Motiva\347\343o}{chapter.1}% 6
\BOOKMARK [1][-]{section.1.3}{Objetivos}{chapter.1}% 7
\BOOKMARK [1][-]{section.1.4}{Organiza\347\343o do Documento}{chapter.1}% 8
\BOOKMARK [1][-]{section.1.5}{Algumas Dicas \205 [RETIRAR DA VERS\303O FINAL]}{chapter.1}% 9
\BOOKMARK [0][-]{chapter.2}{Estado da Arte}{}% 10
\BOOKMARK [1][-]{section.2.1}{Introdu\347\343o}{chapter.2}% 11
\BOOKMARK [1][-]{section.2.2}{Cita\347\365es e Refer\352ncias Cruzadas \205 [RETIRAR DA VERS\303O FINAL]}{chapter.2}% 12
\BOOKMARK [1][-]{section.2.3}{Sec\347\365es Interm\351dias}{chapter.2}% 13
\BOOKMARK [1][-]{section.2.4}{Conclus\365es}{chapter.2}% 14
\BOOKMARK [0][-]{chapter.3}{Tecnologias e Ferramentas Utilizadas}{}% 15
\BOOKMARK [1][-]{section.3.1}{Introdu\347\343o}{chapter.3}% 16
\BOOKMARK [1][-]{section.3.2}{Python}{chapter.3}% 17
\BOOKMARK [1][-]{section.3.3}{Sec\347\365es Interm\351dias}{chapter.3}% 18
\BOOKMARK [1][-]{section.3.4}{Conclus\365es}{chapter.3}% 19
\BOOKMARK [0][-]{chapter.4}{Implementa\347\343o e Testes}{}% 20
\BOOKMARK [1][-]{section.4.1}{Introdu\347\343o}{chapter.4}% 21
\BOOKMARK [1][-]{section.4.2}{Sec\347\365es Interm\351dias}{chapter.4}% 22
\BOOKMARK [1][-]{section.4.3}{Conclus\365es}{chapter.4}% 23
\BOOKMARK [0][-]{chapter.5}{Conclus\365es e Trabalho Futuro}{}% 24
\BOOKMARK [1][-]{section.5.1}{Conclus\365es Principais}{chapter.5}% 25
\BOOKMARK [1][-]{section.5.2}{Trabalho Futuro}{chapter.5}% 26
\BOOKMARK [0][-]{chapter*.7}{Bibliografia}{}% 27
